Using pre-set license
Built from '2020.3/china_unity/release' branch; Version is '2020.3.0f1c1 (1e553bf703d9) revision 1987899'; Using compiler version '192528614'; Build Type 'Release'
OS: 'Windows 10 Pro; OS build 19043.1348; Version 2009; 64bit' Language: 'zh' Physical Memory: 16273 MB
BatchMode: 1, IsHumanControllingUs: 0, StartBugReporterOnCrash: 0, Is64bit: 1, IsPro: 0

 COMMAND LINE ARGUMENTS:
C:\Program Files\Unity\Editor\Unity.exe
-adb2
-batchMode
-noUpm
-name
AssetImportWorker0
-projectPath
F:/2021b/Cloth-Simulation/clothSimulation
-logFile
Logs/AssetImportWorker0.log
-srvPort
61241
Successfully changed project path to: F:/2021b/Cloth-Simulation/clothSimulation
F:/2021b/Cloth-Simulation/clothSimulation
Using Asset Import Pipeline V2.
Refreshing native plugins compatible for Editor in 16.81 ms, found 0 plugins.
Preloading 0 native plugins for Editor in 0.00 ms.
Initialize engine version: 2020.3.0f1c1 (1e553bf703d9)
[Subsystems] Discovering subsystems at path C:/Program Files/Unity/Editor/Data/Resources/UnitySubsystems
[Subsystems] Discovering subsystems at path F:/2021b/Cloth-Simulation/clothSimulation/Assets
GfxDevice: creating device client; threaded=0
Direct3D:
    Version:  Direct3D 11.0 [level 11.1]
    Renderer: NVIDIA GeForce RTX 3080 (ID=0x2206)
    Vendor:   
    VRAM:     10078 MB
    Driver:   27.21.14.5671
Initialize mono
Mono path[0] = 'C:/Program Files/Unity/Editor/Data/Managed'
Mono path[1] = 'C:/Program Files/Unity/Editor/Data/MonoBleedingEdge/lib/mono/unityjit'
Mono config path = 'C:/Program Files/Unity/Editor/Data/MonoBleedingEdge/etc'
Using monoOptions --debugger-agent=transport=dt_socket,embedding=1,server=y,suspend=n,address=127.0.0.1:56416
Begin MonoManager ReloadAssembly
Registering precompiled unity dll's ...
Register platform support module: C:/Program Files/Unity/Editor/Data/PlaybackEngines/WindowsStandaloneSupport/UnityEditor.WindowsStandalone.Extensions.dll
Registered in 0.001419 seconds.
Native extension for WindowsStandalone target not found
Refreshing native plugins compatible for Editor in 17.31 ms, found 0 plugins.
Preloading 0 native plugins for Editor in 0.00 ms.
Invoked RoslynAnalysisRunner static constructor.
RoslynAnalysisRunner will not be running.
RoslynAnalysisRunner has terminated.
Mono: successfully reloaded assembly
- Completed reload, in  0.625 seconds
Platform modules already initialized, skipping
Registering precompiled user dll's ...
Registered in 0.000396 seconds.
Begin MonoManager ReloadAssembly
Native extension for WindowsStandalone target not found
Refreshing native plugins compatible for Editor in 0.19 ms, found 0 plugins.
Preloading 0 native plugins for Editor in 0.00 ms.
Invoked RoslynAnalysisRunner static constructor.
RoslynAnalysisRunner will not be running.
RoslynAnalysisRunner has terminated.
Mono: successfully reloaded assembly
- Completed reload, in  0.582 seconds
Platform modules already initialized, skipping
========================================================================
Worker process is ready to serve import requests
Launched and connected shader compiler UnityShaderCompiler.exe after 0.04 seconds
Refreshing native plugins compatible for Editor in 0.20 ms, found 0 plugins.
Preloading 0 native plugins for Editor in 0.00 ms.
Unloading 1117 Unused Serialized files (Serialized files now loaded: 0)
System memory in use before: 59.5 MB.
System memory in use after: 59.6 MB.

Unloading 9 unused Assets to reduce memory usage. Loaded Objects now: 1564.
Total: 1.522700 ms (FindLiveObjects: 0.211300 ms CreateObjectMapping: 0.054500 ms MarkObjects: 1.209700 ms  DeleteObjects: 0.046500 ms)

========================================================================
Received Import Request.
  path: Assets/implicit_model.cs
  artifactKey: Guid(d599baa99a3b54ce4a1fbf1d45da3284) Importer(815301076,1909f56bfc062723c751e8b465ee728b)
Start importing Assets/implicit_model.cs using Guid(d599baa99a3b54ce4a1fbf1d45da3284) Importer(815301076,1909f56bfc062723c751e8b465ee728b)  -> (artifact id: '599f7e2c9c2d8df050ea49ba83982348') in 0.021510 seconds
  Import took 0.023118 seconds .

========================================================================
Received Import Request.
  Time since last request: 0.000245 seconds.
  path: Assets/Implicit.compute
  artifactKey: Guid(c5036b52e8c7d064b8eb7d154a416359) Importer(815301076,1909f56bfc062723c751e8b465ee728b)
Start importing Assets/Implicit.compute using Guid(c5036b52e8c7d064b8eb7d154a416359) Importer(815301076,1909f56bfc062723c751e8b465ee728b)  -> (artifact id: '433db8b69ffc86be5844ca5c80755431') in 0.011354 seconds
  Import took 0.012827 seconds .

========================================================================
Received Import Request.
  Time since last request: 255.835246 seconds.
  path: Assets/Kernel.compute
  artifactKey: Guid(c5036b52e8c7d064b8eb7d154a416359) Importer(815301076,1909f56bfc062723c751e8b465ee728b)
Start importing Assets/Kernel.compute using Guid(c5036b52e8c7d064b8eb7d154a416359) Importer(815301076,1909f56bfc062723c751e8b465ee728b)  -> (artifact id: '85b207ef9891754c0c47eb639e8d22b1') in 0.053941 seconds
  Import took 0.055863 seconds .

========================================================================
Received Prepare
Registering precompiled user dll's ...
Registered in 0.000371 seconds.
Begin MonoManager ReloadAssembly
Native extension for WindowsStandalone target not found
Refreshing native plugins compatible for Editor in 0.20 ms, found 0 plugins.
Preloading 0 native plugins for Editor in 0.00 ms.
Invoked RoslynAnalysisRunner static constructor.
RoslynAnalysisRunner will not be running.
RoslynAnalysisRunner has terminated.
Mono: successfully reloaded assembly
- Completed reload, in  0.546 seconds
Platform modules already initialized, skipping
Refreshing native plugins compatible for Editor in 0.18 ms, found 0 plugins.
Preloading 0 native plugins for Editor in 0.00 ms.
Unloading 1110 Unused Serialized files (Serialized files now loaded: 0)
System memory in use before: 59.3 MB.
System memory in use after: 59.4 MB.

Unloading 4 unused Assets to reduce memory usage. Loaded Objects now: 1567.
Total: 1.466300 ms (FindLiveObjects: 0.139100 ms CreateObjectMapping: 0.039100 ms MarkObjects: 1.276000 ms  DeleteObjects: 0.011000 ms)

========================================================================
Received Import Request.
  Time since last request: 294.690421 seconds.
  path: Assets/PBD.compute
  artifactKey: Guid(12d7f004851d4ae4fbee988165ea3f5a) Importer(815301076,1909f56bfc062723c751e8b465ee728b)
Start importing Assets/PBD.compute using Guid(12d7f004851d4ae4fbee988165ea3f5a) Importer(815301076,1909f56bfc062723c751e8b465ee728b)  -> (artifact id: 'fc4e685f097451fc0fbcae11a72836ed') in 0.013019 seconds
  Import took 0.015353 seconds .

========================================================================
Received Import Request.
  Time since last request: 0.000981 seconds.
  path: Assets/PBD.compute
  artifactKey: Guid(12d7f004851d4ae4fbee988165ea3f5a) Importer(815301076,1909f56bfc062723c751e8b465ee728b)
Start importing Assets/PBD.compute using Guid(12d7f004851d4ae4fbee988165ea3f5a) Importer(815301076,1909f56bfc062723c751e8b465ee728b)  -> (artifact id: 'fc4e685f097451fc0fbcae11a72836ed') in 0.003919 seconds
  Import took 0.005939 seconds .

========================================================================
Received Prepare
Registering precompiled user dll's ...
Registered in 0.000596 seconds.
Begin MonoManager ReloadAssembly
Native extension for WindowsStandalone target not found
Refreshing native plugins compatible for Editor in 0.20 ms, found 0 plugins.
Preloading 0 native plugins for Editor in 0.00 ms.
Invoked RoslynAnalysisRunner static constructor.
RoslynAnalysisRunner will not be running.
RoslynAnalysisRunner has terminated.
Mono: successfully reloaded assembly
- Completed reload, in  0.547 seconds
Platform modules already initialized, skipping
Refreshing native plugins compatible for Editor in 0.17 ms, found 0 plugins.
Preloading 0 native plugins for Editor in 0.00 ms.
Unloading 1110 Unused Serialized files (Serialized files now loaded: 0)
System memory in use before: 59.3 MB.
System memory in use after: 59.4 MB.

Unloading 4 unused Assets to reduce memory usage. Loaded Objects now: 1570.
Total: 1.517500 ms (FindLiveObjects: 0.160700 ms CreateObjectMapping: 0.037600 ms MarkObjects: 1.307400 ms  DeleteObjects: 0.011100 ms)

========================================================================
Received Import Request.
  Time since last request: 471.301665 seconds.
  path: Assets/PBD.compute
  artifactKey: Guid(12d7f004851d4ae4fbee988165ea3f5a) Importer(815301076,1909f56bfc062723c751e8b465ee728b)
Start importing Assets/PBD.compute using Guid(12d7f004851d4ae4fbee988165ea3f5a) Importer(815301076,1909f56bfc062723c751e8b465ee728b)  -> (artifact id: 'b51812f83245093ef441483daaed0433') in 0.010198 seconds
  Import took 0.011667 seconds .

========================================================================
Received Import Request.
  Time since last request: 792.045635 seconds.
  path: Assets/PBD.compute
  artifactKey: Guid(12d7f004851d4ae4fbee988165ea3f5a) Importer(815301076,1909f56bfc062723c751e8b465ee728b)
Start importing Assets/PBD.compute using Guid(12d7f004851d4ae4fbee988165ea3f5a) Importer(815301076,1909f56bfc062723c751e8b465ee728b)  -> (artifact id: '009ab3628532656199cd7bc7fa928b67') in 0.005457 seconds
  Import took 0.008257 seconds .

========================================================================
Received Import Request.
  Time since last request: 0.001991 seconds.
  path: Assets/PBD.compute
  artifactKey: Guid(12d7f004851d4ae4fbee988165ea3f5a) Importer(815301076,1909f56bfc062723c751e8b465ee728b)
Start importing Assets/PBD.compute using Guid(12d7f004851d4ae4fbee988165ea3f5a) Importer(815301076,1909f56bfc062723c751e8b465ee728b)  -> (artifact id: '009ab3628532656199cd7bc7fa928b67') in 0.003925 seconds
  Import took 0.006015 seconds .

========================================================================
Received Prepare
Registering precompiled user dll's ...
Registered in 0.000354 seconds.
Begin MonoManager ReloadAssembly
Native extension for WindowsStandalone target not found
Refreshing native plugins compatible for Editor in 0.19 ms, found 0 plugins.
Preloading 0 native plugins for Editor in 0.00 ms.
Invoked RoslynAnalysisRunner static constructor.
RoslynAnalysisRunner will not be running.
RoslynAnalysisRunner has terminated.
Mono: successfully reloaded assembly
- Completed reload, in  0.557 seconds
Platform modules already initialized, skipping
Refreshing native plugins compatible for Editor in 0.20 ms, found 0 plugins.
Preloading 0 native plugins for Editor in 0.00 ms.
Unloading 1110 Unused Serialized files (Serialized files now loaded: 0)
System memory in use before: 59.4 MB.
System memory in use after: 59.5 MB.

Unloading 4 unused Assets to reduce memory usage. Loaded Objects now: 1573.
Total: 1.440900 ms (FindLiveObjects: 0.216000 ms CreateObjectMapping: 0.050500 ms MarkObjects: 1.162800 ms  DeleteObjects: 0.011000 ms)

========================================================================
Received Prepare
Registering precompiled user dll's ...
Registered in 0.000380 seconds.
Begin MonoManager ReloadAssembly
Native extension for WindowsStandalone target not found
Refreshing native plugins compatible for Editor in 0.20 ms, found 0 plugins.
Preloading 0 native plugins for Editor in 0.00 ms.
Invoked RoslynAnalysisRunner static constructor.
RoslynAnalysisRunner will not be running.
RoslynAnalysisRunner has terminated.
Mono: successfully reloaded assembly
- Completed reload, in  0.552 seconds
Platform modules already initialized, skipping
Refreshing native plugins compatible for Editor in 0.20 ms, found 0 plugins.
Preloading 0 native plugins for Editor in 0.00 ms.
Unloading 1110 Unused Serialized files (Serialized files now loaded: 0)
System memory in use before: 59.4 MB.
System memory in use after: 59.5 MB.

Unloading 4 unused Assets to reduce memory usage. Loaded Objects now: 1576.
Total: 1.367000 ms (FindLiveObjects: 0.158400 ms CreateObjectMapping: 0.030800 ms MarkObjects: 1.165800 ms  DeleteObjects: 0.011300 ms)

========================================================================
Received Prepare
Registering precompiled user dll's ...
Registered in 0.001045 seconds.
Begin MonoManager ReloadAssembly
Native extension for WindowsStandalone target not found
Refreshing native plugins compatible for Editor in 0.20 ms, found 0 plugins.
Preloading 0 native plugins for Editor in 0.00 ms.
Invoked RoslynAnalysisRunner static constructor.
RoslynAnalysisRunner will not be running.
RoslynAnalysisRunner has terminated.
Mono: successfully reloaded assembly
- Completed reload, in  0.569 seconds
Platform modules already initialized, skipping
Refreshing native plugins compatible for Editor in 0.18 ms, found 0 plugins.
Preloading 0 native plugins for Editor in 0.00 ms.
Unloading 1110 Unused Serialized files (Serialized files now loaded: 0)
System memory in use before: 59.4 MB.
System memory in use after: 59.5 MB.

Unloading 4 unused Assets to reduce memory usage. Loaded Objects now: 1579.
Total: 1.776100 ms (FindLiveObjects: 0.176000 ms CreateObjectMapping: 0.050100 ms MarkObjects: 1.539200 ms  DeleteObjects: 0.009900 ms)

========================================================================
Received Prepare
Registering precompiled user dll's ...
Registered in 0.000519 seconds.
Begin MonoManager ReloadAssembly
Native extension for WindowsStandalone target not found
Refreshing native plugins compatible for Editor in 0.20 ms, found 0 plugins.
Preloading 0 native plugins for Editor in 0.00 ms.
Invoked RoslynAnalysisRunner static constructor.
RoslynAnalysisRunner will not be running.
RoslynAnalysisRunner has terminated.
Mono: successfully reloaded assembly
- Completed reload, in  0.560 seconds
Platform modules already initialized, skipping
Refreshing native plugins compatible for Editor in 0.18 ms, found 0 plugins.
Preloading 0 native plugins for Editor in 0.00 ms.
Unloading 1110 Unused Serialized files (Serialized files now loaded: 0)
System memory in use before: 59.4 MB.
System memory in use after: 59.5 MB.

Unloading 4 unused Assets to reduce memory usage. Loaded Objects now: 1582.
Total: 1.574400 ms (FindLiveObjects: 0.152900 ms CreateObjectMapping: 0.042300 ms MarkObjects: 1.365100 ms  DeleteObjects: 0.013500 ms)

========================================================================
Received Prepare
Registering precompiled user dll's ...
Registered in 0.000411 seconds.
Begin MonoManager ReloadAssembly
Native extension for WindowsStandalone target not found
Refreshing native plugins compatible for Editor in 0.20 ms, found 0 plugins.
Preloading 0 native plugins for Editor in 0.00 ms.
Invoked RoslynAnalysisRunner static constructor.
RoslynAnalysisRunner will not be running.
RoslynAnalysisRunner has terminated.
Mono: successfully reloaded assembly
- Completed reload, in  0.586 seconds
Platform modules already initialized, skipping
Refreshing native plugins compatible for Editor in 0.21 ms, found 0 plugins.
Preloading 0 native plugins for Editor in 0.00 ms.
Unloading 1110 Unused Serialized files (Serialized files now loaded: 0)
System memory in use before: 59.4 MB.
System memory in use after: 59.5 MB.

Unloading 4 unused Assets to reduce memory usage. Loaded Objects now: 1585.
Total: 1.637000 ms (FindLiveObjects: 0.203200 ms CreateObjectMapping: 0.047500 ms MarkObjects: 1.373800 ms  DeleteObjects: 0.011400 ms)

========================================================================
Received Prepare
Registering precompiled user dll's ...
Registered in 0.000433 seconds.
Begin MonoManager ReloadAssembly
Native extension for WindowsStandalone target not found
Refreshing native plugins compatible for Editor in 0.20 ms, found 0 plugins.
Preloading 0 native plugins for Editor in 0.00 ms.
Invoked RoslynAnalysisRunner static constructor.
RoslynAnalysisRunner will not be running.
RoslynAnalysisRunner has terminated.
Mono: successfully reloaded assembly
- Completed reload, in  0.558 seconds
Platform modules already initialized, skipping
Refreshing native plugins compatible for Editor in 0.19 ms, found 0 plugins.
Preloading 0 native plugins for Editor in 0.00 ms.
Unloading 1110 Unused Serialized files (Serialized files now loaded: 0)
System memory in use before: 59.5 MB.
System memory in use after: 59.5 MB.

Unloading 4 unused Assets to reduce memory usage. Loaded Objects now: 1588.
Total: 1.724500 ms (FindLiveObjects: 0.200600 ms CreateObjectMapping: 0.056000 ms MarkObjects: 1.455300 ms  DeleteObjects: 0.011000 ms)

========================================================================
Received Prepare
Registering precompiled user dll's ...
Registered in 0.000593 seconds.
Begin MonoManager ReloadAssembly
Native extension for WindowsStandalone target not found
Refreshing native plugins compatible for Editor in 0.20 ms, found 0 plugins.
Preloading 0 native plugins for Editor in 0.00 ms.
Invoked RoslynAnalysisRunner static constructor.
RoslynAnalysisRunner will not be running.
RoslynAnalysisRunner has terminated.
Mono: successfully reloaded assembly
- Completed reload, in  0.551 seconds
Platform modules already initialized, skipping
Refreshing native plugins compatible for Editor in 0.22 ms, found 0 plugins.
Preloading 0 native plugins for Editor in 0.00 ms.
Unloading 1110 Unused Serialized files (Serialized files now loaded: 0)
System memory in use before: 59.5 MB.
System memory in use after: 59.6 MB.

Unloading 4 unused Assets to reduce memory usage. Loaded Objects now: 1591.
Total: 1.897000 ms (FindLiveObjects: 0.251900 ms CreateObjectMapping: 0.048400 ms MarkObjects: 1.580200 ms  DeleteObjects: 0.014700 ms)

AssetImportWorkerClient::OnTransportError - code=2 error=End of file
